<?xml version="1.0" encoding="UTF-8"?>
<!-- Generated by org.testng.reporters.JUnitXMLReporter -->
<testsuite hostname="LAPTOP-67M1RKGT" ignored="0" name="Default test" tests="3" failures="0" timestamp="2020-10-22T21:48:16 IST" time="54.049" errors="0">
  <testcase name="verifyHomePageTitle" time="3.549" classname="com.qa.hrm.Tests.HomePageTest"/>
  <testcase name="verifyManagerLink" time="0.333" classname="com.qa.hrm.Tests.HomePageTest"/>
  <testcase name="verifyPageHeader" time="0.116" classname="com.qa.hrm.Tests.HomePageTest"/>
</testsuite> <!-- Default test -->
