<?xml version="1.0" encoding="UTF-8"?>
<!-- Generated by org.testng.reporters.JUnitXMLReporter -->
<testsuite hostname="LAPTOP-67M1RKGT" ignored="0" name="My sample HomePage Tests" tests="3" failures="0" timestamp="2020-10-16T23:19:24 IST" time="14.192" errors="0">
  <testcase name="verifyHomePageTitle" time="3.037" classname="com.qa.hrm.Tests.HomePageTest"/>
  <testcase name="verifyManagerLink" time="0.061" classname="com.qa.hrm.Tests.HomePageTest"/>
  <testcase name="verifyPageHeader" time="0.046" classname="com.qa.hrm.Tests.HomePageTest"/>
</testsuite> <!-- My sample HomePage Tests -->
