<?xml version="1.0" encoding="UTF-8"?>
<!-- Generated by org.testng.reporters.JUnitXMLReporter -->
<testsuite hostname="LAPTOP-67M1RKGT" ignored="0" name="My sample Login Page Tests" tests="3" failures="0" timestamp="2020-10-16T23:19:10 IST" time="17.26" errors="0">
  <testcase name="verifyLoginPageTitle" time="0.049" classname="com.qa.hrm.Tests.LoginPageTest"/>
  <testcase name="verifyResetButton" time="0.1" classname="com.qa.hrm.Tests.LoginPageTest"/>
  <testcase name="doLoginTest" time="3.779" classname="com.qa.hrm.Tests.LoginPageTest"/>
</testsuite> <!-- My sample Login Page Tests -->
