<?xml version="1.0" encoding="UTF-8"?>
<!-- Generated by org.testng.reporters.JUnitXMLReporter -->
<testsuite hostname="LAPTOP-67M1RKGT" ignored="0" name="My sample Test" tests="6" failures="0" timestamp="2020-10-16T23:15:02 IST" time="36.822" errors="0">
  <testcase name="verifyHomePageTitle" time="3.045" classname="com.qa.hrm.Tests.HomePageTest"/>
  <testcase name="verifyManagerLink" time="0.295" classname="com.qa.hrm.Tests.HomePageTest"/>
  <testcase name="verifyPageHeader" time="0.169" classname="com.qa.hrm.Tests.HomePageTest"/>
  <testcase name="verifyLoginPageTitle" time="0.152" classname="com.qa.hrm.Tests.LoginPageTest"/>
  <testcase name="verifyResetButton" time="0.038" classname="com.qa.hrm.Tests.LoginPageTest"/>
  <testcase name="doLoginTest" time="2.622" classname="com.qa.hrm.Tests.LoginPageTest"/>
</testsuite> <!-- My sample Test -->
