<?xml version="1.0" encoding="UTF-8"?>
<!-- Generated by org.testng.reporters.JUnitXMLReporter -->
<testsuite ignored="0" hostname="LAPTOP-67M1RKGT" failures="0" tests="6" name="Surefire test" time="42.045" errors="0" timestamp="2020-10-18T22:26:24 IST">
  <testcase classname="com.qa.hrm.Tests.HomePageTest" name="verifyHomePageTitle" time="3.015"/>
  <testcase classname="com.qa.hrm.Tests.HomePageTest" name="verifyManagerLink" time="0.383"/>
  <testcase classname="com.qa.hrm.Tests.HomePageTest" name="verifyPageHeader" time="0.192"/>
  <testcase classname="com.qa.hrm.Tests.LoginPageTest" name="verifyLoginPageTitle" time="0.037"/>
  <testcase classname="com.qa.hrm.Tests.LoginPageTest" name="verifyResetButton" time="0.046"/>
  <testcase classname="com.qa.hrm.Tests.LoginPageTest" name="doLoginTest" time="2.659"/>
</testsuite> <!-- Surefire test -->
