<?xml version="1.0" encoding="UTF-8"?>
<!-- Generated by org.testng.reporters.JUnitXMLReporter -->
<testsuite ignored="0" hostname="LAPTOP-67M1RKGT" failures="0" tests="6" name="Surefire test" time="33.641" errors="0" timestamp="2020-10-18T19:11:01 IST">
  <testcase classname="com.qa.hrm.Tests.HomePageTest" name="verifyHomePageTitle" time="3.029"/>
  <testcase classname="com.qa.hrm.Tests.HomePageTest" name="verifyManagerLink" time="0.089"/>
  <testcase classname="com.qa.hrm.Tests.HomePageTest" name="verifyPageHeader" time="0.064"/>
  <testcase classname="com.qa.hrm.Tests.LoginPageTest" name="verifyLoginPageTitle" time="0.053"/>
  <testcase classname="com.qa.hrm.Tests.LoginPageTest" name="verifyResetButton" time="0.08"/>
  <testcase classname="com.qa.hrm.Tests.LoginPageTest" name="doLoginTest" time="2.628"/>
</testsuite> <!-- Surefire test -->
