<?xml version="1.0" encoding="UTF-8"?>
<testng-results skipped="0" failed="0" ignored="0" total="3" passed="3">
  <reporter-output>
  </reporter-output>
  <suite name="Default suite" duration-ms="54049" started-at="2020-10-22T21:47:22 IST" finished-at="2020-10-22T21:48:16 IST">
    <groups>
    </groups>
    <test name="Default test" duration-ms="54049" started-at="2020-10-22T21:47:22 IST" finished-at="2020-10-22T21:48:16 IST">
      <class name="com.qa.hrm.Tests.HomePageTest">
        <test-method status="PASS" signature="launchBrowser()[pri:0, instance:com.qa.hrm.Tests.HomePageTest@ed9d034]" name="launchBrowser" is-config="true" duration-ms="47076" started-at="2020-10-22T21:47:22 IST" finished-at="2020-10-22T21:48:09 IST">
          <reporter-output>
          </reporter-output>
        </test-method> <!-- launchBrowser -->
        <test-method status="PASS" signature="verifyHomePageTitle()[pri:1, instance:com.qa.hrm.Tests.HomePageTest@ed9d034]" name="verifyHomePageTitle" duration-ms="3549" started-at="2020-10-22T21:48:09 IST" finished-at="2020-10-22T21:48:13 IST">
          <reporter-output>
          </reporter-output>
        </test-method> <!-- verifyHomePageTitle -->
        <test-method status="PASS" signature="verifyManagerLink()[pri:2, instance:com.qa.hrm.Tests.HomePageTest@ed9d034]" name="verifyManagerLink" duration-ms="333" started-at="2020-10-22T21:48:13 IST" finished-at="2020-10-22T21:48:13 IST">
          <reporter-output>
          </reporter-output>
        </test-method> <!-- verifyManagerLink -->
        <test-method status="PASS" signature="verifyPageHeader()[pri:3, instance:com.qa.hrm.Tests.HomePageTest@ed9d034]" name="verifyPageHeader" duration-ms="116" started-at="2020-10-22T21:48:13 IST" finished-at="2020-10-22T21:48:13 IST">
          <reporter-output>
          </reporter-output>
        </test-method> <!-- verifyPageHeader -->
        <test-method status="PASS" signature="tearDown()[pri:0, instance:com.qa.hrm.Tests.HomePageTest@ed9d034]" name="tearDown" is-config="true" duration-ms="2831" started-at="2020-10-22T21:48:13 IST" finished-at="2020-10-22T21:48:16 IST">
          <reporter-output>
          </reporter-output>
        </test-method> <!-- tearDown -->
      </class> <!-- com.qa.hrm.Tests.HomePageTest -->
    </test> <!-- Default test -->
  </suite> <!-- Default suite -->
</testng-results>
