<?xml version="1.0" encoding="UTF-8"?>
<!-- Generated by org.testng.reporters.JUnitXMLReporter -->
<testsuite hostname="LAPTOP-67M1RKGT" ignored="0" name="Test" tests="6" failures="0" timestamp="2020-10-20T08:06:26 IST" time="95.543" errors="0">
  <testcase name="verifyLoginPageTitle" time="2.456" classname="com.qa.hrm.Tests.LoginPageTest"/>
  <testcase name="verifyResetButton" time="0.762" classname="com.qa.hrm.Tests.LoginPageTest"/>
  <testcase name="verifyHomePageTitle" time="5.544" classname="com.qa.hrm.Tests.HomePageTest"/>
  <testcase name="verifyManagerLink" time="0.056" classname="com.qa.hrm.Tests.HomePageTest"/>
  <testcase name="verifyPageHeader" time="0.866" classname="com.qa.hrm.Tests.HomePageTest"/>
  <testcase name="doLoginTest" time="6.076" classname="com.qa.hrm.Tests.LoginPageTest"/>
</testsuite> <!-- Test -->
