<?xml version="1.0" encoding="UTF-8"?>
<testng-results ignored="0" total="6" passed="6" failed="0" skipped="0">
  <reporter-output>
  </reporter-output>
  <suite started-at="2020-10-18T22:25:42 IST" name="Surefire suite" finished-at="2020-10-18T22:26:24 IST" duration-ms="42045">
    <groups>
    </groups>
    <test started-at="2020-10-18T22:25:42 IST" name="Surefire test" finished-at="2020-10-18T22:26:24 IST" duration-ms="42045">
      <class name="com.qa.hrm.Tests.HomePageTest">
        <test-method is-config="true" signature="launchBrowser()[pri:0, instance:com.qa.hrm.Tests.HomePageTest@15761df8]" started-at="2020-10-18T22:25:42 IST" name="launchBrowser" finished-at="2020-10-18T22:26:00 IST" duration-ms="17907" status="PASS">
          <reporter-output>
          </reporter-output>
        </test-method> <!-- launchBrowser -->
        <test-method signature="verifyHomePageTitle()[pri:1, instance:com.qa.hrm.Tests.HomePageTest@15761df8]" started-at="2020-10-18T22:26:16 IST" name="verifyHomePageTitle" finished-at="2020-10-18T22:26:19 IST" duration-ms="3015" status="PASS">
          <reporter-output>
          </reporter-output>
        </test-method> <!-- verifyHomePageTitle -->
        <test-method signature="verifyManagerLink()[pri:2, instance:com.qa.hrm.Tests.HomePageTest@15761df8]" started-at="2020-10-18T22:26:19 IST" name="verifyManagerLink" finished-at="2020-10-18T22:26:19 IST" duration-ms="383" status="PASS">
          <reporter-output>
          </reporter-output>
        </test-method> <!-- verifyManagerLink -->
        <test-method signature="verifyPageHeader()[pri:3, instance:com.qa.hrm.Tests.HomePageTest@15761df8]" started-at="2020-10-18T22:26:19 IST" name="verifyPageHeader" finished-at="2020-10-18T22:26:20 IST" duration-ms="192" status="PASS">
          <reporter-output>
          </reporter-output>
        </test-method> <!-- verifyPageHeader -->
        <test-method is-config="true" signature="tearDown()[pri:0, instance:com.qa.hrm.Tests.HomePageTest@15761df8]" started-at="2020-10-18T22:26:22 IST" name="tearDown" finished-at="2020-10-18T22:26:23 IST" duration-ms="1181" status="PASS">
          <reporter-output>
          </reporter-output>
        </test-method> <!-- tearDown -->
      </class> <!-- com.qa.hrm.Tests.HomePageTest -->
      <class name="com.qa.hrm.Tests.LoginPageTest">
        <test-method is-config="true" signature="launchBrowser()[pri:0, instance:com.qa.hrm.Tests.LoginPageTest@6ab7a896]" started-at="2020-10-18T22:26:00 IST" name="launchBrowser" finished-at="2020-10-18T22:26:15 IST" duration-ms="15378" status="PASS">
          <reporter-output>
          </reporter-output>
        </test-method> <!-- launchBrowser -->
        <test-method signature="verifyLoginPageTitle()[pri:1, instance:com.qa.hrm.Tests.LoginPageTest@6ab7a896]" started-at="2020-10-18T22:26:20 IST" name="verifyLoginPageTitle" finished-at="2020-10-18T22:26:20 IST" duration-ms="37" status="PASS">
          <reporter-output>
          </reporter-output>
        </test-method> <!-- verifyLoginPageTitle -->
        <test-method signature="verifyResetButton()[pri:2, instance:com.qa.hrm.Tests.LoginPageTest@6ab7a896]" started-at="2020-10-18T22:26:20 IST" name="verifyResetButton" finished-at="2020-10-18T22:26:20 IST" duration-ms="46" status="PASS">
          <reporter-output>
          </reporter-output>
        </test-method> <!-- verifyResetButton -->
        <test-method signature="doLoginTest()[pri:3, instance:com.qa.hrm.Tests.LoginPageTest@6ab7a896]" started-at="2020-10-18T22:26:20 IST" name="doLoginTest" finished-at="2020-10-18T22:26:22 IST" duration-ms="2659" status="PASS">
          <reporter-output>
          </reporter-output>
        </test-method> <!-- doLoginTest -->
        <test-method is-config="true" signature="tearDown()[pri:0, instance:com.qa.hrm.Tests.LoginPageTest@6ab7a896]" started-at="2020-10-18T22:26:23 IST" name="tearDown" finished-at="2020-10-18T22:26:24 IST" duration-ms="743" status="PASS">
          <reporter-output>
          </reporter-output>
        </test-method> <!-- tearDown -->
      </class> <!-- com.qa.hrm.Tests.LoginPageTest -->
    </test> <!-- Surefire test -->
  </suite> <!-- Surefire suite -->
</testng-results>
